\BOOKMARK [0][-]{chapter*.1}{\376\377\144\130\000\040\000\040\211\201}{}% 1
\BOOKMARK [0][-]{chapter*.2}{\376\377\000\101\000\142\000\163\000\164\000\162\000\141\000\143\000\164}{}% 2
\BOOKMARK [0][-]{chapter*.3}{\376\377\177\051\165\145\213\355}{}% 3
\BOOKMARK [0][-]{chapter*.4}{\376\377\166\356\000\040\000\040\137\125}{}% 4
\BOOKMARK [0][-]{chapter.1}{\376\377\173\054\116\000\172\340\000\040\000\040\176\352\213\272}{}% 5
\BOOKMARK [1][-]{section.1.1}{\376\377\000\061\000\056\000\061\000\040\170\024\172\166\200\314\146\157\123\312\141\017\116\111}{chapter.1}% 6
\BOOKMARK [1][-]{section.1.2}{\376\377\000\061\000\056\000\062\000\040\170\024\172\166\121\205\133\271\123\312\227\142\116\064\166\204\143\021\142\030}{chapter.1}% 7
\BOOKMARK [1][-]{section.1.3}{\376\377\000\061\000\056\000\063\000\040\147\054\145\207\116\073\211\201\215\041\163\056}{chapter.1}% 8
\BOOKMARK [1][-]{section.1.4}{\376\377\000\061\000\056\000\064\000\040\147\054\145\207\121\205\133\271\133\211\143\222}{chapter.1}% 9
\BOOKMARK [0][-]{chapter.2}{\376\377\173\054\116\214\172\340\000\040\000\040\166\370\121\163\142\200\147\057\200\314\146\157\123\312\142\200\147\057\127\372\170\100}{}% 10
\BOOKMARK [1][-]{section.2.1}{\376\377\000\062\000\056\000\061\000\040\137\025\212\000}{chapter.2}% 11
\BOOKMARK [1][-]{section.2.2}{\376\377\000\062\000\056\000\062\000\040\116\221\213\241\173\227}{chapter.2}% 12
\BOOKMARK [1][-]{section.2.3}{\376\377\000\062\000\056\000\063\000\040\206\132\142\337\123\026\142\200\147\057}{chapter.2}% 13
\BOOKMARK [2][-]{subsection.2.3.1}{\376\377\000\062\000\056\000\063\000\056\000\061\000\040\177\121\176\334\206\132\142\337\123\026\142\200\147\057}{section.2.3}% 14
\BOOKMARK [2][-]{subsection.2.3.2}{\376\377\000\062\000\056\000\063\000\056\000\062\000\040\206\132\142\337\177\121\176\334\146\040\134\004}{section.2.3}% 15
\BOOKMARK [1][-]{section.2.4}{\376\377\000\062\000\056\000\064\000\040\177\121\176\334\131\032\132\222\117\123}{chapter.2}% 16
\BOOKMARK [0][-]{chapter.3}{\376\377\173\054\116\011\172\340\000\040\000\040\227\142\124\021\132\222\117\123\116\032\122\241\166\204\206\132\142\337\177\121\176\334\135\114\121\145\170\024\172\166}{}% 17
\BOOKMARK [1][-]{section.3.1}{\376\377\000\063\000\056\000\061\000\040\137\025\212\000}{chapter.3}% 18
\BOOKMARK [1][-]{section.3.2}{\376\377\000\063\000\056\000\062\000\040\166\370\121\163\170\024\172\166}{chapter.3}% 19
\BOOKMARK [1][-]{section.3.3}{\376\377\000\063\000\056\000\063\000\040\227\142\124\021\132\222\117\123\116\032\122\241\166\204\206\132\142\337\177\121\176\334\135\114\121\145\173\227\154\325\213\276\213\241}{chapter.3}% 20
\BOOKMARK [2][-]{subsection.3.3.1}{\376\377\000\063\000\056\000\063\000\056\000\061\000\040\145\164\117\123\147\266\147\204}{section.3.3}% 21
\BOOKMARK [2][-]{subsection.3.3.2}{\376\377\000\063\000\056\000\063\000\056\000\062\000\040\177\121\176\334\152\041\127\213}{section.3.3}% 22
\BOOKMARK [2][-]{subsection.3.3.3}{\376\377\000\063\000\056\000\063\000\056\000\063\000\040\202\202\160\271\200\132\174\173}{section.3.3}% 23
\BOOKMARK [2][-]{subsection.3.3.4}{\376\377\000\063\000\056\000\063\000\056\000\064\000\040\122\250\140\001\147\015\122\241\127\107\210\141}{section.3.3}% 24
\BOOKMARK [2][-]{subsection.3.3.5}{\376\377\000\063\000\056\000\063\000\056\000\065\000\040\134\100\220\350\133\120\213\367\154\102\146\040\134\004}{section.3.3}% 25
\BOOKMARK [1][-]{section.3.4}{\376\377\000\063\000\056\000\064\000\040\116\377\167\037\232\214\213\301}{chapter.3}% 26
\BOOKMARK [2][-]{subsection.3.4.1}{\376\377\000\063\000\056\000\064\000\056\000\061\000\040\116\377\167\037\163\257\130\203}{section.3.4}% 27
\BOOKMARK [2][-]{subsection.3.4.2}{\376\377\000\063\000\056\000\064\000\056\000\062\000\040\140\047\200\375\213\304\117\060}{section.3.4}% 28
\BOOKMARK [2][-]{subsection.3.4.3}{\376\377\000\063\000\056\000\064\000\056\000\063\000\040\134\017\176\323}{section.3.4}% 29
\BOOKMARK [1][-]{section.3.5}{\376\377\000\063\000\056\000\065\000\040\227\142\124\021\132\222\117\123\116\032\122\241\166\204\215\104\156\220\146\040\134\004\116\244\116\222\150\106\147\266}{chapter.3}% 30
\BOOKMARK [2][-]{subsection.3.5.1}{\376\377\000\063\000\056\000\065\000\056\000\061\000\040\174\373\176\337\150\106\147\266}{section.3.5}% 31
\BOOKMARK [2][-]{subsection.3.5.2}{\376\377\000\063\000\056\000\065\000\056\000\062\000\040\165\050\142\067\165\114\227\142}{section.3.5}% 32
\BOOKMARK [2][-]{subsection.3.5.3}{\376\377\000\063\000\056\000\065\000\056\000\063\000\040\230\204\131\004\164\006}{section.3.5}% 33
\BOOKMARK [2][-]{subsection.3.5.4}{\376\377\000\063\000\056\000\065\000\056\000\064\000\040\215\104\156\220\146\040\134\004}{section.3.5}% 34
\BOOKMARK [2][-]{subsection.3.5.5}{\376\377\000\063\000\056\000\065\000\056\000\065\000\040\215\104\156\220\166\321\143\247}{section.3.5}% 35
\BOOKMARK [2][-]{subsection.3.5.6}{\376\377\000\063\000\056\000\065\000\056\000\066\000\040\215\104\156\220\122\006\221\115}{section.3.5}% 36
\BOOKMARK [1][-]{section.3.6}{\376\377\000\063\000\056\000\066\000\040\134\017\176\323}{chapter.3}% 37
\BOOKMARK [0][-]{chapter.4}{\376\377\173\054\126\333\172\340\000\040\000\040\116\032\122\241\155\101\221\317\226\224\171\273\143\247\122\066}{}% 38
\BOOKMARK [1][-]{section.4.1}{\376\377\000\064\000\056\000\061\000\040\137\025\212\000}{chapter.4}% 39
\BOOKMARK [1][-]{section.4.2}{\376\377\000\064\000\056\000\062\000\040\155\101\221\317\143\247\122\066\123\237\164\006}{chapter.4}% 40
\BOOKMARK [2][-]{subsection.4.2.1}{\376\377\000\064\000\056\000\062\000\056\000\061\000\040\000\114\000\151\000\156\000\165\000\170\000\040\000\124\000\103}{section.4.2}% 41
\BOOKMARK [2][-]{subsection.4.2.2}{\376\377\000\064\000\056\000\062\000\056\000\062\000\040\000\121\000\104\000\151\000\163\000\143}{section.4.2}% 42
\BOOKMARK [2][-]{subsection.4.2.3}{\376\377\000\064\000\056\000\062\000\056\000\063\000\040\221\115\177\156\173\241\164\006}{section.4.2}% 43
\BOOKMARK [1][-]{section.4.3}{\376\377\000\064\000\056\000\063\000\040\116\032\122\241\155\101\221\317\226\224\171\273\145\271\150\110}{chapter.4}% 44
\BOOKMARK [2][-]{subsection.4.3.1}{\376\377\000\064\000\056\000\063\000\056\000\061\000\040\145\164\117\123\147\266\147\204}{section.4.3}% 45
\BOOKMARK [2][-]{subsection.4.3.2}{\376\377\000\064\000\056\000\063\000\056\000\062\000\040\213\276\213\241\176\306\122\031}{section.4.3}% 46
\BOOKMARK [2][-]{subsection.4.3.3}{\376\377\000\064\000\056\000\063\000\056\000\063\000\040\122\237\200\375\143\245\123\343}{section.4.3}% 47
\BOOKMARK [1][-]{section.4.4}{\376\377\000\064\000\056\000\064\000\040\133\236\232\214\232\214\213\301}{chapter.4}% 48
\BOOKMARK [2][-]{subsection.4.4.1}{\376\377\000\064\000\056\000\064\000\056\000\061\000\040\133\236\232\214\163\257\130\203}{section.4.4}% 49
\BOOKMARK [2][-]{subsection.4.4.2}{\376\377\000\064\000\056\000\064\000\056\000\062\000\040\133\236\232\214\213\304\117\060}{section.4.4}% 50
\BOOKMARK [1][-]{section.4.5}{\376\377\000\064\000\056\000\065\000\040\134\017\176\323}{chapter.4}% 51
\BOOKMARK [0][-]{chapter.5}{\376\377\173\054\116\224\172\340\000\040\000\040\000\123\000\165\000\160\000\145\000\162\000\116\000\157\000\166\000\141\174\373\176\337\135\345\172\013\137\000\123\321}{}% 52
\BOOKMARK [1][-]{section.5.1}{\376\377\000\065\000\056\000\061\000\040\137\025\212\000}{chapter.5}% 53
\BOOKMARK [1][-]{section.5.2}{\376\377\000\065\000\056\000\062\000\040\000\123\000\165\000\160\000\145\000\162\000\116\000\157\000\166\000\141}{chapter.5}% 54
\BOOKMARK [2][-]{subsection.5.2.1}{\376\377\000\065\000\056\000\062\000\056\000\061\000\040\174\373\176\337\147\266\147\204}{section.5.2}% 55
\BOOKMARK [2][-]{subsection.5.2.2}{\376\377\000\065\000\056\000\062\000\056\000\062\000\040\177\026\172\013\147\266\147\204}{section.5.2}% 56
\BOOKMARK [1][-]{section.5.3}{\376\377\000\065\000\056\000\063\000\040\155\101\221\317\143\247\122\066\152\041\127\127}{chapter.5}% 57
\BOOKMARK [2][-]{subsection.5.3.1}{\376\377\000\065\000\056\000\063\000\056\000\061\000\040\155\101\221\317\143\247\122\066\173\200\116\313}{section.5.3}% 58
\BOOKMARK [2][-]{subsection.5.3.2}{\376\377\000\065\000\056\000\063\000\056\000\062\000\040\177\026\172\013\147\266\147\204}{section.5.3}% 59
\BOOKMARK [2][-]{subsection.5.3.3}{\376\377\000\065\000\056\000\063\000\056\000\063\000\040\122\237\200\375\124\214\133\236\163\260}{section.5.3}% 60
\BOOKMARK [1][-]{section.5.4}{\376\377\000\065\000\056\000\064\000\040\206\132\142\337\177\121\176\334\135\114\121\145\152\041\127\127}{chapter.5}% 61
\BOOKMARK [2][-]{subsection.5.4.1}{\376\377\000\065\000\056\000\064\000\056\000\061\000\040\135\345\172\013\213\276\213\241}{section.5.4}% 62
\BOOKMARK [2][-]{subsection.5.4.2}{\376\377\000\065\000\056\000\064\000\056\000\062\000\040\137\000\123\321\133\236\163\260}{section.5.4}% 63
\BOOKMARK [2][-]{subsection.5.4.3}{\376\377\000\065\000\056\000\064\000\056\000\063\000\040\122\237\200\375\143\245\123\343}{section.5.4}% 64
\BOOKMARK [1][-]{section.5.5}{\376\377\000\065\000\056\000\065\000\040\116\221\143\247\122\066\126\150\152\041\127\127}{chapter.5}% 65
\BOOKMARK [2][-]{subsection.5.5.1}{\376\377\000\065\000\056\000\065\000\056\000\061\000\040\116\221\143\247\122\066\126\150\173\200\116\313}{section.5.5}% 66
\BOOKMARK [2][-]{subsection.5.5.2}{\376\377\000\065\000\056\000\065\000\056\000\062\000\040\122\237\200\375\133\214\125\204}{section.5.5}% 67
\BOOKMARK [1][-]{section.5.6}{\376\377\000\065\000\056\000\066\000\040\134\017\176\323}{chapter.5}% 68
\BOOKMARK [0][-]{chapter.6}{\376\377\173\054\121\155\172\340\000\040\000\040\140\073\176\323\124\214\134\125\147\033}{}% 69
\BOOKMARK [1][-]{section.6.1}{\376\377\000\066\000\056\000\061\000\040\135\345\117\134\140\073\176\323}{chapter.6}% 70
\BOOKMARK [1][-]{section.6.2}{\376\377\000\066\000\056\000\062\000\040\116\312\124\016\135\345\117\134\134\125\147\033}{chapter.6}% 71
\BOOKMARK [0][-]{chapter*.7}{\376\377\123\302\200\003\145\207\163\056}{}% 72
\BOOKMARK [0][-]{chapter*.8}{\376\377\123\321\210\150\145\207\172\340\166\356\137\125}{}% 73
\BOOKMARK [0][-]{chapter*.9}{\376\377\165\063\213\367\116\023\122\051\166\356\137\125}{}% 74
\BOOKMARK [0][-]{chapter*.10}{\376\377\201\364\000\040\000\040\214\042}{}% 75
